-------------------------------------------------------------------------------
Test set: mil.marinha.AtividadeSpring.AtividadeSpringApplicationTests
-------------------------------------------------------------------------------
Tests run: 1, Failures: 0, Errors: 1, Skipped: 0, Time elapsed: 3.084 s <<< FAILURE! - in mil.marinha.AtividadeSpring.AtividadeSpringApplicationTests
contextLoads  Time elapsed: 0.013 s  <<< ERROR!
java.lang.IllegalStateException: Failed to load ApplicationContext
Caused by: org.springframework.beans.factory.BeanCreationException: Error creating bean with name 'entityManagerFactory' defined in class path resource [org/springframework/boot/autoconfigure/orm/jpa/HibernateJpaConfiguration.class]: Invocation of init method failed; nested exception is org.hibernate.AnnotationException: referencedColumnNames(CD_PROJ, ID_MODU) of mil.marinha.embedded.UsuarioID.usuarioID.nivelAcesso referencing mil.marinha.domain.NivelAcesso not mapped to a single property
Caused by: org.hibernate.AnnotationException: referencedColumnNames(CD_PROJ, ID_MODU) of mil.marinha.embedded.UsuarioID.usuarioID.nivelAcesso referencing mil.marinha.domain.NivelAcesso not mapped to a single property

